This is pdfTeX, Version 3.14159265-2.6-1.40.21 (TeX Live 2020/W32TeX) (preloaded format=pdflatex 2021.2.9)  17 APR 2021 20:40
entering extended mode
 restricted \write18 enabled.
 %&-line parsing enabled.
**main.tex
(./main.tex
LaTeX2e <2020-10-01> patch level 4
L3 programming layer <2021-02-06>
(c:/texlive/2020/texmf-dist/tex/latex/base/book.cls
Document Class: book 2020/04/10 v1.4m Standard LaTeX document class
(c:/texlive/2020/texmf-dist/tex/latex/base/bk12.clo
File: bk12.clo 2020/04/10 v1.4m Standard LaTeX file (size option)
)
\c@part=\count177
\c@chapter=\count178
\c@section=\count179
\c@subsection=\count180
\c@subsubsection=\count181
\c@paragraph=\count182
\c@subparagraph=\count183
\c@figure=\count184
\c@table=\count185
\abovecaptionskip=\skip47
\belowcaptionskip=\skip48
\bibindent=\dimen138
)
(c:/texlive/2020/texmf-dist/tex/latex/base/inputenc.sty
Package: inputenc 2020/08/01 v1.3d Input encoding file
\inpenc@prehook=\toks15
\inpenc@posthook=\toks16

(c:/texlive/2020/texmf-dist/tex/latex/ucs/utf8x.def
File: utf8x.def 2004/10/17 UCS: Input encoding UTF-8
))
(c:/texlive/2020/texmf-dist/tex/latex/ucs/ucs.sty
Package: ucs 2013/05/11 v2.2 UCS: Unicode input support

(c:/texlive/2020/texmf-dist/tex/latex/ucs/data/uni-global.def
File: uni-global.def 2013/05/13 UCS: Unicode global data
)
\uc@secondtry=\count186
\uc@combtoks=\toks17
\uc@combtoksb=\toks18
\uc@temptokena=\toks19
)
(c:/texlive/2020/texmf-dist/tex/latex/ucs/data/uni-1.def
File: uni-1.def 2013/05/13 UCS: Unicode data U+0100..U+01FF
)
(c:/texlive/2020/texmf-dist/tex/latex/ucs/data/uni-0.def
File: uni-0.def 2013/05/13 UCS: Unicode data U+0000..U+00FF
)
(c:/texlive/2020/texmf-dist/tex/latex/ucs/data/uni-2.def
File: uni-2.def 2013/05/13 UCS: Unicode data U+0200..U+02FF
)
(c:/texlive/2020/texmf-dist/tex/latex/ucs/data/uni-32.def
File: uni-32.def 2013/05/13 UCS: Unicode data U+2000..U+20FF
)
(c:/texlive/2020/texmf-dist/tex/latex/psnfss/bookman.sty
Package: bookman 2020/03/25 PSNFSS-v9.3 (SPQR) 
)
(c:/texlive/2020/texmf-dist/tex/latex/graphics/graphicx.sty
Package: graphicx 2020/09/09 v1.2b Enhanced LaTeX Graphics (DPC,SPQR)

(c:/texlive/2020/texmf-dist/tex/latex/graphics/keyval.sty
Package: keyval 2014/10/28 v1.15 key=value parser (DPC)
\KV@toks@=\toks20
)
(c:/texlive/2020/texmf-dist/tex/latex/graphics/graphics.sty
Package: graphics 2020/08/30 v1.4c Standard LaTeX Graphics (DPC,SPQR)

(c:/texlive/2020/texmf-dist/tex/latex/graphics/trig.sty
Package: trig 2016/01/03 v1.10 sin cos tan (DPC)
)
(c:/texlive/2020/texmf-dist/tex/latex/graphics-cfg/graphics.cfg
File: graphics.cfg 2016/06/04 v1.11 sample graphics configuration
)
Package graphics Info: Driver file: pdftex.def on input line 105.

(c:/texlive/2020/texmf-dist/tex/latex/graphics-def/pdftex.def
File: pdftex.def 2020/10/05 v1.2a Graphics/color driver for pdftex
))
\Gin@req@height=\dimen139
\Gin@req@width=\dimen140
)
(c:/texlive/2020/texmf-dist/tex/latex/listings/listings.sty
\lst@mode=\count187
\lst@gtempboxa=\box47
\lst@token=\toks21
\lst@length=\count188
\lst@currlwidth=\dimen141
\lst@column=\count189
\lst@pos=\count190
\lst@lostspace=\dimen142
\lst@width=\dimen143
\lst@newlines=\count191
\lst@lineno=\count192
\lst@maxwidth=\dimen144

(c:/texlive/2020/texmf-dist/tex/latex/listings/lstmisc.sty
File: lstmisc.sty 2020/03/24 1.8d (Carsten Heinz)
\c@lstnumber=\count193
\lst@skipnumbers=\count194
\lst@framebox=\box48
)
(c:/texlive/2020/texmf-dist/tex/latex/listings/listings.cfg
File: listings.cfg 2020/03/24 1.8d listings configuration
))
Package: listings 2020/03/24 1.8d (Carsten Heinz)

(c:/texlive/2020/texmf-dist/tex/latex/graphics/color.sty
Package: color 2020/02/24 v1.2b Standard LaTeX Color (DPC)

(c:/texlive/2020/texmf-dist/tex/latex/graphics-cfg/color.cfg
File: color.cfg 2016/01/02 v1.6 sample color configuration
)
Package color Info: Driver file: pdftex.def on input line 147.
)
(c:/texlive/2020/texmf-dist/tex/latex/fancyhdr/fancyhdr.sty
Package: fancyhdr 2021/01/28 v4.0.1 Extensive control of page headers and foote
rs
\f@nch@headwidth=\skip49
\f@nch@O@elh=\skip50
\f@nch@O@erh=\skip51
\f@nch@O@olh=\skip52
\f@nch@O@orh=\skip53
\f@nch@O@elf=\skip54
\f@nch@O@erf=\skip55
\f@nch@O@olf=\skip56
\f@nch@O@orf=\skip57
)
(c:/texlive/2020/texmf-dist/tex/latex/base/fontenc.sty
Package: fontenc 2020/08/10 v2.0s Standard LaTeX package
LaTeX Font Info:    Trying to load font information for T1+pbk on input line 11
2.

(c:/texlive/2020/texmf-dist/tex/latex/psnfss/t1pbk.fd
File: t1pbk.fd 2001/06/04 font definitions for T1/pbk.
)
LaTeX Font Info:    Font shape `T1/pbk/m/n' in size <12> not available
(Font)              Font shape `T1/pbk/l/n' tried instead on input line 112.
)
(c:/texlive/2020/texmf-dist/tex/latex/float/float.sty
Package: float 2001/11/08 v1.3d Float enhancements (AL)
\c@float@type=\count195
\float@exts=\toks22
\float@box=\box49
\@float@everytoks=\toks23
\@floatcapt=\box50
)
(c:/texlive/2020/texmf-dist/tex/latex/base/ifthen.sty
Package: ifthen 2014/09/29 v1.1c Standard LaTeX ifthen package (DPC)
)
(c:/texlive/2020/texmf-dist/tex/latex/geometry/geometry.sty
Package: geometry 2020/01/02 v5.9 Page Geometry

(c:/texlive/2020/texmf-dist/tex/generic/iftex/ifvtex.sty
Package: ifvtex 2019/10/25 v1.7 ifvtex legacy package. Use iftex instead.

(c:/texlive/2020/texmf-dist/tex/generic/iftex/iftex.sty
Package: iftex 2020/03/06 v1.0d TeX engine tests
))
\Gm@cnth=\count196
\Gm@cntv=\count197
\c@Gm@tempcnt=\count198
\Gm@bindingoffset=\dimen145
\Gm@wd@mp=\dimen146
\Gm@odd@mp=\dimen147
\Gm@even@mp=\dimen148
\Gm@layoutwidth=\dimen149
\Gm@layoutheight=\dimen150
\Gm@layouthoffset=\dimen151
\Gm@layoutvoffset=\dimen152
\Gm@dimlist=\toks24
)
(c:/texlive/2020/texmf-dist/tex/latex/tools/indentfirst.sty
Package: indentfirst 1995/11/23 v1.03 Indent first paragraph (DPC)
)
(c:/texlive/2020/texmf-dist/tex/latex/psnfss/mathptmx.sty
Package: mathptmx 2020/03/25 PSNFSS-v9.3 Times w/ Math, improved (SPQR, WaS) 
LaTeX Font Info:    Redeclaring symbol font `operators' on input line 28.
LaTeX Font Info:    Overwriting symbol font `operators' in version `normal'
(Font)                  OT1/cmr/m/n --> OT1/ztmcm/m/n on input line 28.
LaTeX Font Info:    Overwriting symbol font `operators' in version `bold'
(Font)                  OT1/cmr/bx/n --> OT1/ztmcm/m/n on input line 28.
LaTeX Font Info:    Redeclaring symbol font `letters' on input line 29.
LaTeX Font Info:    Overwriting symbol font `letters' in version `normal'
(Font)                  OML/cmm/m/it --> OML/ztmcm/m/it on input line 29.
LaTeX Font Info:    Overwriting symbol font `letters' in version `bold'
(Font)                  OML/cmm/b/it --> OML/ztmcm/m/it on input line 29.
LaTeX Font Info:    Redeclaring symbol font `symbols' on input line 30.
LaTeX Font Info:    Overwriting symbol font `symbols' in version `normal'
(Font)                  OMS/cmsy/m/n --> OMS/ztmcm/m/n on input line 30.
LaTeX Font Info:    Overwriting symbol font `symbols' in version `bold'
(Font)                  OMS/cmsy/b/n --> OMS/ztmcm/m/n on input line 30.
LaTeX Font Info:    Redeclaring symbol font `largesymbols' on input line 31.
LaTeX Font Info:    Overwriting symbol font `largesymbols' in version `normal'
(Font)                  OMX/cmex/m/n --> OMX/ztmcm/m/n on input line 31.
LaTeX Font Info:    Overwriting symbol font `largesymbols' in version `bold'
(Font)                  OMX/cmex/m/n --> OMX/ztmcm/m/n on input line 31.
\symbold=\mathgroup4
\symitalic=\mathgroup5
LaTeX Font Info:    Redeclaring math alphabet \mathbf on input line 34.
LaTeX Font Info:    Overwriting math alphabet `\mathbf' in version `normal'
(Font)                  OT1/cmr/bx/n --> OT1/ptm/bx/n on input line 34.
LaTeX Font Info:    Overwriting math alphabet `\mathbf' in version `bold'
(Font)                  OT1/cmr/bx/n --> OT1/ptm/bx/n on input line 34.
LaTeX Font Info:    Redeclaring math alphabet \mathit on input line 35.
LaTeX Font Info:    Overwriting math alphabet `\mathit' in version `normal'
(Font)                  OT1/cmr/m/it --> OT1/ptm/m/it on input line 35.
LaTeX Font Info:    Overwriting math alphabet `\mathit' in version `bold'
(Font)                  OT1/cmr/bx/it --> OT1/ptm/m/it on input line 35.
LaTeX Info: Redefining \hbar on input line 50.
)
(c:/texlive/2020/texmf-dist/tex/latex/url/url.sty
\Urlmuskip=\muskip16
Package: url 2013/09/16  ver 3.4  Verb mode for urls, etc.
)
(c:/texlive/2020/texmf-dist/tex/latex/hyperref/hyperref.sty
Package: hyperref 2021-02-07 v7.00h Hypertext links for LaTeX

(c:/texlive/2020/texmf-dist/tex/generic/ltxcmds/ltxcmds.sty
Package: ltxcmds 2020-05-10 v1.25 LaTeX kernel commands for general use (HO)
)
(c:/texlive/2020/texmf-dist/tex/generic/pdftexcmds/pdftexcmds.sty
Package: pdftexcmds 2020-06-27 v0.33 Utility functions of pdfTeX for LuaTeX (HO
)

(c:/texlive/2020/texmf-dist/tex/generic/infwarerr/infwarerr.sty
Package: infwarerr 2019/12/03 v1.5 Providing info/warning/error messages (HO)
)
Package pdftexcmds Info: \pdf@primitive is available.
Package pdftexcmds Info: \pdf@ifprimitive is available.
Package pdftexcmds Info: \pdfdraftmode found.
)
(c:/texlive/2020/texmf-dist/tex/generic/kvsetkeys/kvsetkeys.sty
Package: kvsetkeys 2019/12/15 v1.18 Key value parser (HO)
)
(c:/texlive/2020/texmf-dist/tex/generic/kvdefinekeys/kvdefinekeys.sty
Package: kvdefinekeys 2019-12-19 v1.6 Define keys (HO)
)
(c:/texlive/2020/texmf-dist/tex/generic/pdfescape/pdfescape.sty
Package: pdfescape 2019/12/09 v1.15 Implements pdfTeX's escape features (HO)
)
(c:/texlive/2020/texmf-dist/tex/latex/hycolor/hycolor.sty
Package: hycolor 2020-01-27 v1.10 Color options for hyperref/bookmark (HO)
)
(c:/texlive/2020/texmf-dist/tex/latex/letltxmacro/letltxmacro.sty
Package: letltxmacro 2019/12/03 v1.6 Let assignment for LaTeX macros (HO)
)
(c:/texlive/2020/texmf-dist/tex/latex/auxhook/auxhook.sty
Package: auxhook 2019-12-17 v1.6 Hooks for auxiliary files (HO)
)
(c:/texlive/2020/texmf-dist/tex/latex/kvoptions/kvoptions.sty
Package: kvoptions 2020-10-07 v3.14 Key value format for package options (HO)
)
\@linkdim=\dimen153
\Hy@linkcounter=\count199
\Hy@pagecounter=\count266

(c:/texlive/2020/texmf-dist/tex/latex/hyperref/pd1enc.def
File: pd1enc.def 2021-02-07 v7.00h Hyperref: PDFDocEncoding definition (HO)
)
(c:/texlive/2020/texmf-dist/tex/latex/hyperref/hyperref-langpatches.def
File: hyperref-langpatches.def 2021-02-07 v7.00h Hyperref: patches for babel la
nguages
)
(c:/texlive/2020/texmf-dist/tex/generic/intcalc/intcalc.sty
Package: intcalc 2019/12/15 v1.3 Expandable calculations with integers (HO)
)
(c:/texlive/2020/texmf-dist/tex/generic/etexcmds/etexcmds.sty
Package: etexcmds 2019/12/15 v1.7 Avoid name clashes with e-TeX commands (HO)
)
\Hy@SavedSpaceFactor=\count267

(c:/texlive/2020/texmf-dist/tex/latex/hyperref/puenc.def
File: puenc.def 2021-02-07 v7.00h Hyperref: PDF Unicode definition (HO)
)
Package hyperref Info: Hyper figures OFF on input line 4178.
Package hyperref Info: Link nesting OFF on input line 4183.
Package hyperref Info: Hyper index ON on input line 4186.
Package hyperref Info: Plain pages OFF on input line 4193.
Package hyperref Info: Backreferencing OFF on input line 4198.
Package hyperref Info: Implicit mode ON; LaTeX internals redefined.
Package hyperref Info: Bookmarks ON on input line 4431.
\c@Hy@tempcnt=\count268
LaTeX Info: Redefining \url on input line 4790.
\XeTeXLinkMargin=\dimen154

(c:/texlive/2020/texmf-dist/tex/generic/bitset/bitset.sty
Package: bitset 2019/12/09 v1.3 Handle bit-vector datatype (HO)

(c:/texlive/2020/texmf-dist/tex/generic/bigintcalc/bigintcalc.sty
Package: bigintcalc 2019/12/15 v1.5 Expandable calculations on big integers (HO
)
))
\Fld@menulength=\count269
\Field@Width=\dimen155
\Fld@charsize=\dimen156
Package hyperref Info: Hyper figures OFF on input line 6061.
Package hyperref Info: Link nesting OFF on input line 6066.
Package hyperref Info: Hyper index ON on input line 6069.
Package hyperref Info: backreferencing OFF on input line 6076.
Package hyperref Info: Link coloring OFF on input line 6081.
Package hyperref Info: Link coloring with OCG OFF on input line 6086.
Package hyperref Info: PDF/A mode OFF on input line 6091.
LaTeX Info: Redefining \ref on input line 6131.
LaTeX Info: Redefining \pageref on input line 6135.

(c:/texlive/2020/texmf-dist/tex/latex/base/atbegshi-ltx.sty
Package: atbegshi-ltx 2020/08/17 v1.0a Emulation of the original atbegshi packa
ge
with kernel methods
)
\Hy@abspage=\count270
\c@Item=\count271
\c@Hfootnote=\count272
)
Package hyperref Info: Driver (autodetected): hpdftex.

(c:/texlive/2020/texmf-dist/tex/latex/hyperref/hpdftex.def
File: hpdftex.def 2021-02-07 v7.00h Hyperref driver for pdfTeX

(c:/texlive/2020/texmf-dist/tex/latex/base/atveryend-ltx.sty
Package: atveryend-ltx 2020/08/19 v1.0a Emulation of the original atvery packag
e
with kernel methods
)
\Fld@listcount=\count273
\c@bookmark@seq@number=\count274

(c:/texlive/2020/texmf-dist/tex/latex/rerunfilecheck/rerunfilecheck.sty
Package: rerunfilecheck 2019/12/05 v1.9 Rerun checks for auxiliary files (HO)

(c:/texlive/2020/texmf-dist/tex/generic/uniquecounter/uniquecounter.sty
Package: uniquecounter 2019/12/15 v1.4 Provide unlimited unique counter (HO)
)
Package uniquecounter Info: New unique counter `rerunfilecheck' on input line 2
86.
)
\Hy@SectionHShift=\skip58
)
(c:/texlive/2020/texmf-dist/tex/latex/base/textcomp.sty
Package: textcomp 2020/02/02 v2.0n Standard LaTeX package
)
(c:/texlive/2020/texmf-dist/tex/latex/wrapfig/wrapfig.sty
\wrapoverhang=\dimen157
\WF@size=\dimen158
\c@WF@wrappedlines=\count275
\WF@box=\box51
\WF@everypar=\toks25
Package: wrapfig 2003/01/31  v 3.6
)
(c:/texlive/2020/texmf-dist/tex/generic/babel/babel.sty
Package: babel 2021/01/26 3.53 The Babel package

(c:/texlive/2020/texmf-dist/tex/generic/babel/babel.def
File: babel.def 2021/01/26 3.53 Babel common definitions
\babel@savecnt=\count276
\U@D=\dimen159
\l@babelnohyphens=\language86

(c:/texlive/2020/texmf-dist/tex/generic/babel/txtbabel.def)
\bbl@readstream=\read2
)
\bbl@dirlevel=\count277

(c:/texlive/2020/texmf-dist/tex/generic/babel-romanian/romanian.ldf
Language: romanian 2005/03/31 v1.2l Romanian support from the babel system
))
(c:/texlive/2020/texmf-dist/tex/latex/listings/lstlang1.sty
File: lstlang1.sty 2020/03/24 1.8d listings language file
)
(c:/texlive/2020/texmf-dist/tex/latex/listings/lstlang1.sty
File: lstlang1.sty 2020/03/24 1.8d listings language file
)
(c:/texlive/2020/texmf-dist/tex/latex/listings/lstmisc.sty
File: lstmisc.sty 2020/03/24 1.8d (Carsten Heinz)
)

Package fancyhdr Warning: \fancyhead's `E' option without twoside option is use
less on input line 47.


Package fancyhdr Warning: \fancyhead's `E' option without twoside option is use
less on input line 50.

LaTeX Font Info:    Trying to load font information for T1+ptm on input line 61
.
(c:/texlive/2020/texmf-dist/tex/latex/psnfss/t1ptm.fd
File: t1ptm.fd 2001/06/04 font definitions for T1/ptm.
)
(c:/texlive/2020/texmf-dist/tex/latex/l3backend/l3backend-pdftex.def
File: l3backend-pdftex.def 2021-02-06 L3 backend support: PDF output (pdfTeX)
\l__color_backend_stack_int=\count278
\l__pdf_internal_box=\box52
)
(./main.aux)
\openout1 = `main.aux'.

LaTeX Font Info:    Checking defaults for OML/cmm/m/it on input line 61.
LaTeX Font Info:    ... okay on input line 61.
LaTeX Font Info:    Checking defaults for OMS/cmsy/m/n on input line 61.
LaTeX Font Info:    ... okay on input line 61.
LaTeX Font Info:    Checking defaults for OT1/cmr/m/n on input line 61.
LaTeX Font Info:    ... okay on input line 61.
LaTeX Font Info:    Checking defaults for T1/cmr/m/n on input line 61.
LaTeX Font Info:    ... okay on input line 61.
LaTeX Font Info:    Checking defaults for TS1/cmr/m/n on input line 61.
LaTeX Font Info:    ... okay on input line 61.
LaTeX Font Info:    Checking defaults for OMX/cmex/m/n on input line 61.
LaTeX Font Info:    ... okay on input line 61.
LaTeX Font Info:    Checking defaults for U/cmr/m/n on input line 61.
LaTeX Font Info:    ... okay on input line 61.
LaTeX Font Info:    Checking defaults for PD1/pdf/m/n on input line 61.
LaTeX Font Info:    ... okay on input line 61.
LaTeX Font Info:    Checking defaults for PU/pdf/m/n on input line 61.
LaTeX Font Info:    ... okay on input line 61.
 (c:/texlive/2020/texmf-dist/tex/latex/ucs/ucsencs.def
File: ucsencs.def 2011/01/21 Fixes to fontencodings LGR, T3
)
(c:/texlive/2020/texmf-dist/tex/context/base/mkii/supp-pdf.mkii
[Loading MPS to PDF converter (version 2006.09.02).]
\scratchcounter=\count279
\scratchdimen=\dimen160
\scratchbox=\box53
\nofMPsegments=\count280
\nofMParguments=\count281
\everyMPshowfont=\toks26
\MPscratchCnt=\count282
\MPscratchDim=\dimen161
\MPnumerator=\count283
\makeMPintoPDFobject=\count284
\everyMPtoPDFconversion=\toks27
) (c:/texlive/2020/texmf-dist/tex/latex/epstopdf-pkg/epstopdf-base.sty
Package: epstopdf-base 2020-01-24 v2.11 Base part for package epstopdf

(c:/texlive/2020/texmf-dist/tex/latex/grfext/grfext.sty
Package: grfext 2019/12/03 v1.3 Manage graphics extensions (HO)
)
Package epstopdf-base Info: Redefining graphics rule for `.eps' on input line 4
85.
Package grfext Info: Graphics extension search list:
(grfext)             [.pdf,.png,.jpg,.mps,.jpeg,.jbig2,.jb2,.PDF,.PNG,.JPG,.JPE
G,.JBIG2,.JB2,.eps]
(grfext)             \AppendGraphicsExtensions on input line 504.

(c:/texlive/2020/texmf-dist/tex/latex/latexconfig/epstopdf-sys.cfg
File: epstopdf-sys.cfg 2010/07/13 v1.3 Configuration of (r)epstopdf for TeX Liv
e
))
\c@lstlisting=\count285

*geometry* driver: auto-detecting
*geometry* detected driver: pdftex
*geometry* verbose mode - [ preamble ] result:
* driver: pdftex
* paper: a4paper
* layout: <same size as paper>
* layoutoffset:(h,v)=(0.0pt,0.0pt)
* modes: 
* h-part:(L,W,R)=(89.62709pt, 418.25368pt, 89.6271pt)
* v-part:(T,H,B)=(101.40665pt, 591.5302pt, 152.11pt)
* \paperwidth=597.50787pt
* \paperheight=845.04684pt
* \textwidth=418.25368pt
* \textheight=591.5302pt
* \oddsidemargin=17.3571pt
* \evensidemargin=17.3571pt
* \topmargin=-2.73714pt
* \headheight=12.0pt
* \headsep=19.8738pt
* \topskip=12.0pt
* \footskip=30.0pt
* \marginparwidth=38.0pt
* \marginparsep=7.0pt
* \columnsep=10.0pt
* \skip\footins=10.8pt plus 4.0pt minus 2.0pt
* \hoffset=0.0pt
* \voffset=0.0pt
* \mag=1000
* \@twocolumnfalse
* \@twosidefalse
* \@mparswitchfalse
* \@reversemarginfalse
* (1in=72.27pt=25.4mm, 1cm=28.453pt)

\big@size=\dimen162
Package hyperref Info: Link coloring OFF on input line 61.
(c:/texlive/2020/texmf-dist/tex/latex/hyperref/nameref.sty
Package: nameref 2021-04-02 v2.47 Cross-referencing by name of section

(c:/texlive/2020/texmf-dist/tex/latex/refcount/refcount.sty
Package: refcount 2019/12/15 v3.6 Data extraction from label references (HO)
)
(c:/texlive/2020/texmf-dist/tex/generic/gettitlestring/gettitlestring.sty
Package: gettitlestring 2019/12/15 v1.6 Cleanup title references (HO)
)
\c@section@level=\count286
)
LaTeX Info: Redefining \ref on input line 61.
LaTeX Info: Redefining \pageref on input line 61.
LaTeX Info: Redefining \nameref on input line 61.

(./main.out) (./main.out)
\@outlinefile=\write3
\openout3 = `main.out'.

 (./titlepage.tex
*geometry* verbose mode - [ newgeometry ] result:
* driver: pdftex
* paper: a4paper
* layout: <same size as paper>
* layoutoffset:(h,v)=(0.0pt,0.0pt)
* hratio: 1:1
* vratio: 1:1
* modes: 
* h-part:(L,W,R)=(89.62709pt, 418.25368pt, 89.6271pt)
* v-part:(T,H,B)=(126.75832pt, 591.5302pt, 126.75833pt)
* \paperwidth=597.50787pt
* \paperheight=845.04684pt
* \textwidth=418.25368pt
* \textheight=591.5302pt
* \oddsidemargin=17.3571pt
* \evensidemargin=17.3571pt
* \topmargin=22.61453pt
* \headheight=12.0pt
* \headsep=19.8738pt
* \topskip=12.0pt
* \footskip=30.0pt
* \marginparwidth=38.0pt
* \marginparsep=7.0pt
* \columnsep=10.0pt
* \skip\footins=10.8pt plus 4.0pt minus 2.0pt
* \hoffset=0.0pt
* \voffset=0.0pt
* \mag=1000
* \@twocolumnfalse
* \@twosidefalse
* \@mparswitchfalse
* \@reversemarginfalse
* (1in=72.27pt=25.4mm, 1cm=28.453pt)

<fig/ACLogo.jpg, id=172, 180.675pt x 157.58875pt>
File: fig/ACLogo.jpg Graphic file (type jpg)
<use fig/ACLogo.jpg>
Package pdftex.def Info: fig/ACLogo.jpg  used on input line 5.
(pdftex.def)             Requested size: 180.67455pt x 157.58835pt.
<fig/DCTILogo.png, id=173, 220.9053pt x 144.2991pt>
File: fig/DCTILogo.png Graphic file (type png)
<use fig/DCTILogo.png>
Package pdftex.def Info: fig/DCTILogo.png  used on input line 6.
(pdftex.def)             Requested size: 220.90475pt x 144.29874pt.
LaTeX Font Info:    Trying to load font information for OT1+ztmcm on input line
 7.

(c:/texlive/2020/texmf-dist/tex/latex/psnfss/ot1ztmcm.fd
File: ot1ztmcm.fd 2000/01/03 Fontinst v1.801 font definitions for OT1/ztmcm.
)
LaTeX Font Info:    Trying to load font information for OML+ztmcm on input line
 7.

(c:/texlive/2020/texmf-dist/tex/latex/psnfss/omlztmcm.fd
File: omlztmcm.fd 2000/01/03 Fontinst v1.801 font definitions for OML/ztmcm.
)
LaTeX Font Info:    Trying to load font information for OMS+ztmcm on input line
 7.

(c:/texlive/2020/texmf-dist/tex/latex/psnfss/omsztmcm.fd
File: omsztmcm.fd 2000/01/03 Fontinst v1.801 font definitions for OMS/ztmcm.
)
LaTeX Font Info:    Trying to load font information for OMX+ztmcm on input line
 7.

(c:/texlive/2020/texmf-dist/tex/latex/psnfss/omxztmcm.fd
File: omxztmcm.fd 2000/01/03 Fontinst v1.801 font definitions for OMX/ztmcm.
)
LaTeX Font Info:    Trying to load font information for OT1+ptm on input line 7
.

(c:/texlive/2020/texmf-dist/tex/latex/psnfss/ot1ptm.fd
File: ot1ptm.fd 2001/06/04 font definitions for OT1/ptm.
)
LaTeX Font Info:    Font shape `OT1/ptm/bx/n' in size <12> not available
(Font)              Font shape `OT1/ptm/b/n' tried instead on input line 7.
LaTeX Font Info:    Font shape `OT1/ptm/bx/n' in size <9> not available
(Font)              Font shape `OT1/ptm/b/n' tried instead on input line 7.
LaTeX Font Info:    Font shape `OT1/ptm/bx/n' in size <7> not available
(Font)              Font shape `OT1/ptm/b/n' tried instead on input line 7.
LaTeX Font Info:    Font shape `OT1/ptm/bx/n' in size <8> not available
(Font)              Font shape `OT1/ptm/b/n' tried instead on input line 11.
LaTeX Font Info:    Font shape `OT1/ptm/bx/n' in size <6> not available
(Font)              Font shape `OT1/ptm/b/n' tried instead on input line 11.
LaTeX Font Info:    Font shape `OT1/ptm/bx/n' in size <5> not available
(Font)              Font shape `OT1/ptm/b/n' tried instead on input line 11.
<fig/UPTLogo.jpg, id=175, 409.0482pt x 139.9629pt>
File: fig/UPTLogo.jpg Graphic file (type jpg)
<use fig/UPTLogo.jpg>
Package pdftex.def Info: fig/UPTLogo.jpg  used on input line 17.
(pdftex.def)             Requested size: 409.0472pt x 139.96255pt.

Underfull \hbox (badness 10000) in paragraph at lines 22--23

 []

LaTeX Font Info:    Font shape `OT1/ptm/bx/n' in size <24.88> not available
(Font)              Font shape `OT1/ptm/b/n' tried instead on input line 25.
LaTeX Font Info:    Font shape `OT1/ptm/bx/n' in size <17.28> not available
(Font)              Font shape `OT1/ptm/b/n' tried instead on input line 25.
LaTeX Font Info:    Font shape `OT1/ptm/bx/n' in size <14.4> not available
(Font)              Font shape `OT1/ptm/b/n' tried instead on input line 25.
LaTeX Font Info:    Font shape `OT1/ptm/bx/n' in size <10.95> not available
(Font)              Font shape `OT1/ptm/b/n' tried instead on input line 34.
[1



{c:/texlive/2020/texmf-var/fonts/map/pdftex/updmap/pdftex.map} <./fig/ACLogo.jp
g> <./fig/DCTILogo.png> <./fig/UPTLogo.jpg>]pdfTeX warning (ext4): destination 
with the same identifier (name{page.1}) has been already used, duplicate ignore
d
<to be read again> 
                   \relax 
l.41 \shipout\null
                   [1]) (./main.tocpdfTeX warning (ext4): destination with the 
same identifier (name{page.1}) has been already used, duplicate ignored
<to be read again> 
                   \relax 
l.32 ...3.6}Filtrarea semnalelor}{16}{section.3.6}
                                                  % [1


])
\tf@toc=\write4
\openout4 = `main.toc'.

 (./introduction.tex
[2]
Capitolul 1.

LaTeX Warning: Citation `cokeMachine' on page 3 undefined on input line 8.


LaTeX Warning: Citation `simoniot' on page 3 undefined on input line 8.


LaTeX Warning: Citation `simoniot' on page 3 undefined on input line 8.


LaTeX Warning: Citation `medical' on page 3 undefined on input line 12.


LaTeX Warning: Citation `army' on page 3 undefined on input line 14.

[3

]

LaTeX Warning: Citation `V2X' on page 4 undefined on input line 16.


LaTeX Warning: Citation `increaseOfIot' on page 4 undefined on input line 20.


Overfull \hbox (0.1902pt too wide) in paragraph at lines 20--21
[]\T1/ptm/m/n/12 Faptul c  do-me-niul IoT pre-zint  o uti-li-tate care nu poate
 fi ne-gli-jat , ex-plic  cre[]terea
 []

<./fig//Statistica-IoT.png, id=242, 1003.75pt x 745.78625pt>
File: ./fig//Statistica-IoT.png Graphic file (type png)
<use ./fig//Statistica-IoT.png>
Package pdftex.def Info: ./fig//Statistica-IoT.png  used on input line 26.
(pdftex.def)             Requested size: 334.60422pt x 248.61377pt.
[4 <./fig//Statistica-IoT.png>]) (./state of the art.tex [5]
Capitolul 2.

LaTeX Warning: Citation `torelectric' on page 6 undefined on input line 6.

LaTeX Font Info:    Trying to load font information for TS1+ptm on input line 1
0.
(c:/texlive/2020/texmf-dist/tex/latex/psnfss/ts1ptm.fd
File: ts1ptm.fd 2001/06/04 font definitions for TS1/ptm.
)
<./fig//Torelectric.png, id=255, 197.23688pt x 198.24063pt>
File: ./fig//Torelectric.png Graphic file (type png)
<use ./fig//Torelectric.png>
Package pdftex.def Info: ./fig//Torelectric.png  used on input line 18.
(pdftex.def)             Requested size: 125.47737pt x 126.11432pt.


LaTeX Warning: Citation `torelectric' on page 6 undefined on input line 21.

[6

 <./fig//Torelectric.png>]
<./fig//Honeywell.png, id=261, 492.33937pt x 364.36125pt>
File: ./fig//Honeywell.png Graphic file (type png)
<use ./fig//Honeywell.png>
Package pdftex.def Info: ./fig//Honeywell.png  used on input line 35.
(pdftex.def)             Requested size: 167.2989pt x 123.8089pt.


LaTeX Warning: Citation `honeywell' on page 7 undefined on input line 37.


Overfull \hbox (8.32779pt too wide) in paragraph at lines 37--38
[][]\T1/ptm/m/n/12 Termostatul pro-dus de Ho-neywell se diferen[]iaz 
 []


Underfull \hbox (badness 3690) in paragraph at lines 41--42
\T1/ptm/m/n/12 prezen[]a sau absen[]a unor per-soane în
 []


Overfull \hbox (4.53778pt too wide) in paragraph at lines 42--43
[]\T1/ptm/m/n/12 Programarea tem-pe-ra-tu-ri-lor pen-tru []apte
 []


Underfull \hbox (badness 2865) in paragraph at lines 43--44
[]\T1/ptm/m/n/12 Controlul de la distan[] , ofe-rit de
 []


LaTeX Warning: Citation `honeywell' on page 7 undefined on input line 47.


LaTeX Warning: Citation `honeywell' on page 7 undefined on input line 48.


LaTeX Warning: Citation `honeywell' on page 7 undefined on input line 50.

[7 <./fig//Honeywell.png>]

LaTeX Warning: Citation `nest' on page 8 undefined on input line 69.

<./fig//Nest.png, id=268, 289.08pt x 224.84pt>
File: ./fig//Nest.png Graphic file (type png)
<use ./fig//Nest.png>
Package pdftex.def Info: ./fig//Nest.png  used on input line 85.
(pdftex.def)             Requested size: 167.2989pt x 130.1191pt.

LaTeX Warning: Citation `nest' on page 8 undefined on input line 88.


LaTeX Warning: Citation `ecobee' on page 8 undefined on input line 102.


LaTeX Warning: Citation `ecobee' on page 8 undefined on input line 106.

[8 <./fig//Nest.png>]
<./fig//Ecobee.png, id=274, 292.59312pt x 211.79124pt>
File: ./fig//Ecobee.png Graphic file (type png)
<use ./fig//Ecobee.png>
Package pdftex.def Info: ./fig//Ecobee.png  used on input line 120.
(pdftex.def)             Requested size: 167.2989pt x 121.10359pt.


LaTeX Warning: Citation `ecobee' on page 9 undefined on input line 122.


LaTeX Warning: Citation `ecobeeVSnest' on page 9 undefined on input line 138.


Package fancyhdr Warning: \headheight is too small (12.0pt): 
(fancyhdr)                Make it at least 12.58502pt, for example:
(fancyhdr)                \setlength{\headheight}{12.58502pt}.
(fancyhdr)                You might also make \topmargin smaller to compensate:

(fancyhdr)                \addtolength{\topmargin}{-0.58502pt}.

[9 <./fig//Ecobee.png>]
LaTeX Font Info:    Font shape `OT1/ptm/bx/n' in size <10> not available
(Font)              Font shape `OT1/ptm/b/n' tried instead on input line 150.
) (./fundamente teoretice.tex
LaTeX Font Info:    Font shape `OT1/ptm/bx/n' in size <7.4> not available
(Font)              Font shape `OT1/ptm/b/n' tried instead on input line 1.


Package fancyhdr Warning: \headheight is too small (12.0pt): 
(fancyhdr)                Make it at least 12.58502pt, for example:
(fancyhdr)                \setlength{\headheight}{12.58502pt}.
(fancyhdr)                You might also make \topmargin smaller to compensate:

(fancyhdr)                \addtolength{\topmargin}{-0.58502pt}.

[10]
Capitolul 3.

LaTeX Warning: Citation `python' on page 11 undefined on input line 6.


LaTeX Warning: Citation `python' on page 11 undefined on input line 6.


LaTeX Warning: Citation `flask' on page 11 undefined on input line 17.

[11

]

LaTeX Warning: Citation `c++' on page 12 undefined on input line 23.


LaTeX Warning: Citation `c++' on page 12 undefined on input line 25.


LaTeX Warning: Citation `arduinoIDE' on page 12 undefined on input line 29.


LaTeX Warning: Citation `arduinoIDE' on page 12 undefined on input line 31.


LaTeX Warning: Citation `arduinoIDE' on page 12 undefined on input line 31.


LaTeX Warning: Citation `arduinoIDE' on page 12 undefined on input line 41.


LaTeX Warning: Citation `esp8266' on page 12 undefined on input line 47.


LaTeX Warning: Citation `esp8266' on page 12 undefined on input line 47.

[12]

LaTeX Warning: Citation `arduino' on page 13 undefined on input line 55.


LaTeX Warning: Citation `arduino' on page 13 undefined on input line 57.


LaTeX Warning: Citation `arduino' on page 13 undefined on input line 59.


LaTeX Warning: Citation `arduino' on page 13 undefined on input line 59.


LaTeX Warning: Citation `lcd' on page 13 undefined on input line 63.


LaTeX Warning: Citation `lcd' on page 13 undefined on input line 67.

[13]

LaTeX Warning: Citation `rfModule' on page 14 undefined on input line 81.


LaTeX Warning: Citation `rfModule' on page 14 undefined on input line 83.

[14]
Overfull \hbox (3.10678pt too wide) in paragraph at lines 115--116
[]\T1/ptm/m/n/12 Asemenea con-den-sa-to-ru-lui, rezisten[]a se în-ca-dreaz  în 
ca-te-go-ria com-po-nen-te-lor elec-
 []


LaTeX Warning: Citation `buttonDebouncing' on page 15 undefined on input line 1
27.


LaTeX Warning: Citation `buttonDebouncing' on page 15 undefined on input line 1
27.

[15]
<./fig//InainteDeFiltru.jpg, id=307, 803.0pt x 602.25pt>
File: ./fig//InainteDeFiltru.jpg Graphic file (type jpg)
<use ./fig//InainteDeFiltru.jpg>
Package pdftex.def Info: ./fig//InainteDeFiltru.jpg  used on input line 137.
(pdftex.def)             Requested size: 418.25368pt x 313.6956pt.
<./fig//DupaFiltru.jpg, id=308, 803.0pt x 602.25pt>
File: ./fig//DupaFiltru.jpg Graphic file (type jpg)
<use ./fig//DupaFiltru.jpg>
Package pdftex.def Info: ./fig//DupaFiltru.jpg  used on input line 143.
(pdftex.def)             Requested size: 418.25368pt x 313.6956pt.
 [16 <./fig//InainteDeFiltru.jpg>] [17 <./fig//DupaFiltru.jpg>])
(./dezvoltarea solutiei.tex [18]
Capitolul 4.
<./fig//ArhitecturaSistemului.jpg, id=326, 2220.295pt x 1434.961pt>
File: ./fig//ArhitecturaSistemului.jpg Graphic file (type jpg)
<use ./fig//ArhitecturaSistemului.jpg>
Package pdftex.def Info: ./fig//ArhitecturaSistemului.jpg  used on input line 1
2.
(pdftex.def)             Requested size: 418.25368pt x 270.30258pt.
[19

] [20 <./fig//ArhitecturaSistemului.jpg>]
<./fig//ModulSenzor.png, id=336, 482.30188pt x 348.30125pt>
File: ./fig//ModulSenzor.png Graphic file (type png)
<use ./fig//ModulSenzor.png>
Package pdftex.def Info: ./fig//ModulSenzor.png  used on input line 28.
(pdftex.def)             Requested size: 418.25368pt x 302.0577pt.
 [21 <./fig//ModulSenzor.png>]
Overfull \hbox (2.42229pt too wide) in paragraph at lines 66--67
[]\T1/ptm/m/n/12 Pentru a pu-tea afi[]a tem-pe-ra-tura cu-rent  din ca-mer  []i
 tem-pe-ra-tura se-tat , se folose[]te
 []

[22]
<./fig//ModululDeControl.png, id=347, 679.03688pt x 329.73187pt>
File: ./fig//ModululDeControl.png Graphic file (type png)
<use ./fig//ModululDeControl.png>
Package pdftex.def Info: ./fig//ModululDeControl.png  used on input line 96.
(pdftex.def)             Requested size: 418.25368pt x 203.09834pt.
 [23 <./fig//ModululDeControl.png>]
LaTeX Font Info:    Trying to load font information for T1+pcr on input line 13
6.

(c:/texlive/2020/texmf-dist/tex/latex/psnfss/t1pcr.fd
File: t1pcr.fd 2001/06/04 font definitions for T1/pcr.
)

Package fancyhdr Warning: \headheight is too small (12.0pt): 
(fancyhdr)                Make it at least 12.58502pt, for example:
(fancyhdr)                \setlength{\headheight}{12.58502pt}.
(fancyhdr)                You might also make \topmargin smaller to compensate:

(fancyhdr)                \addtolength{\topmargin}{-0.58502pt}.

[24] [25] [26] [27]
Overfull \hbox (17.0082pt too wide) in paragraph at lines 262--263
[][][][][][][][][][][]  
 []

[28] [29]
Overfull \hbox (25.21976pt too wide) in paragraph at lines 331--332
[][][][][][][]  
 []

[30]
Overfull \hbox (25.21976pt too wide) in paragraph at lines 339--340
[][][][][][][]  
 []

[31] [32] [33]
Overfull \hbox (7.5365pt too wide) in paragraph at lines 455--456
[]\T1/ptm/m/n/12 o func[]ionalitate util  pen-tru per-soa-nele care pri-mesc co
n-tu-rile cu creden[]ialele
 []

[34]
LaTeX Font Info:    Font shape `T1/pcr/m/it' in size <12> not available
(Font)              Font shape `T1/pcr/m/sl' tried instead on input line 462.
 [35] [36]
<./fig//IntrareDeTipTimp.png, id=644, 91.84312pt x 228.35312pt>
File: ./fig//IntrareDeTipTimp.png Graphic file (type png)
<use ./fig//IntrareDeTipTimp.png>
Package pdftex.def Info: ./fig//IntrareDeTipTimp.png  used on input line 528.
(pdftex.def)             Requested size: 167.2989pt x 416.02841pt.
<./fig//IntrareDeTipNumeric.png, id=645, 125.97063pt x 50.1875pt>
File: ./fig//IntrareDeTipNumeric.png Graphic file (type png)
<use ./fig//IntrareDeTipNumeric.png>
Package pdftex.def Info: ./fig//IntrareDeTipNumeric.png  used on input line 536
.
(pdftex.def)             Requested size: 167.2989pt x 66.65355pt.
 [37 <./fig//IntrareDeTipTimp.png>] [38 <./fig//IntrareDeTipNumeric.png>]
<./fig//IntervalsWorkingDays.png, id=675, 274.02374pt x 283.0575pt>
File: ./fig//IntervalsWorkingDays.png Graphic file (type png)
<use ./fig//IntervalsWorkingDays.png>
Package pdftex.def Info: ./fig//IntervalsWorkingDays.png  used on input line 59
7.
(pdftex.def)             Requested size: 334.60422pt x 345.6622pt.
 [39]) [40 <./fig//IntervalsWorkingDays.png>] (./main.lof)
\tf@lof=\write5
\openout5 = `main.lof'.

 [41

]
(./main.lot)
\tf@lot=\write6
\openout6 = `main.lot'.


No file main.bbl.
[42

] (./main.aux)

LaTeX Warning: There were undefined references.

Package rerunfilecheck Info: File `main.out' has not changed.
(rerunfilecheck)             Checksum: 45B7CEAFFE35ACC55B82A9A0D9106B2D;6057.
 ) 
Here is how much of TeX's memory you used:
 14441 strings out of 479302
 203382 string characters out of 5871205
 770149 words of memory out of 5000000
 30972 multiletter control sequences out of 15000+600000
 504845 words of font info for 162 fonts, out of 8000000 for 9000
 1141 hyphenation exceptions out of 8191
 71i,20n,74p,1501b,1946s stack positions out of 5000i,500n,10000p,200000b,80000s
{c:/texlive/2020/texmf-dist/fonts/enc/dvips/base/8r.enc}<c:/texlive/2020/texm
f-dist/fonts/type1/public/amsfonts/cm/cmr10.pfb><c:/texlive/2020/texmf-dist/fon
ts/type1/public/amsfonts/cm/cmsy10.pfb><c:/texlive/2020/texmf-dist/fonts/type1/
urw/courier/ucrr8a.pfb><c:/texlive/2020/texmf-dist/fonts/type1/urw/courier/ucrr
o8a.pfb><c:/texlive/2020/texmf-dist/fonts/type1/urw/times/utmb8a.pfb><c:/texliv
e/2020/texmf-dist/fonts/type1/urw/times/utmr8a.pfb><c:/texlive/2020/texmf-dist/
fonts/type1/urw/times/utmri8a.pfb>
Output written on main.pdf (44 pages, 4471609 bytes).
PDF statistics:
 825 PDF objects out of 1000 (max. 8388607)
 740 compressed objects within 8 object streams
 361 named destinations out of 1000 (max. 500000)
 417 words of extra memory for PDF output out of 10000 (max. 10000000)

